<?xml version="1.0" encoding="utf-8"?><testsuites name="pytest tests"><testsuite name="pytest" errors="0" failures="0" skipped="0" tests="538" time="152.208" timestamp="2026-07-19T11:38:49.054694+02:00" hostname="SHOCKWAVE"><testcase classname="tests.test_account_sessions" name="test_get_current_user_requires_sid_claim" time="0.217" /><testcase classname="tests.test_account_sessions" name="test_get_current_user_accepts_active_session" time="0.159" /><testcase classname="tests.test_account_sessions" name="test_list_and_revoke_other_sessions" time="0.153" /><testcase classname="tests.test_account_sessions" name="test_revoke_current_session_clears_cookie" time="0.167" /><testcase classname="tests.test_application_url" name="test_general_settings_application_url_round_trips" time="0.160" /><testcase classname="tests.test_application_url" name="test_general_settings_application_url_rejects_non_http_urls" time="0.001" /><testcase classname="tests.test_arr_added_dates" name="test_radarr_movie_includes_file_path_and_utc_added_date" time="0.001" /><testcase classname="tests.test_arr_added_dates" name="test_radarr_movie_ignores_invalid_file_added_date" time="0.001" /><testcase classname="tests.test_arr_added_dates" name="test_sonarr_episode_file_dates_filter_and_keep_latest_date" time="0.005" /><testcase classname="tests.test_arr_added_dates" name="test_sonarr_episode_sync_data_includes_episodes_without_files" time="0.002" /><testcase classname="tests.test_arr_added_dates" name="test_paths_equivalent_uses_scoped_arr_mapping" time="0.000" /><testcase classname="tests.test_arr_added_dates" name="test_arr_days_since_file_added_is_valid_for_all_media_scopes" time="0.001" /><testcase classname="tests.test_arr_added_dates" name="test_rule_context_uses_each_scope_arr_file_added_date" time="0.002" /><testcase classname="tests.test_artwork_integrity_service" name="test_artwork_integrity_migration_cleans_placeholder_and_marks_refresh[asyncio]" time="0.163" /><testcase classname="tests.test_artwork_integrity_service" name="test_artwork_integrity_detects_collisions[asyncio]" time="0.162" /><testcase classname="tests.test_artwork_integrity_service" name="test_unified_artwork_resolver_provider_fallback_and_confidence[asyncio]" time="0.162" /><testcase classname="tests.test_artwork_resolution" name="test_resolve_poster_url_converts_tmdb_paths" time="0.000" /><testcase classname="tests.test_artwork_resolution" name="test_resolve_poster_url_keeps_absolute_urls" time="0.000" /><testcase classname="tests.test_artwork_resolution" name="test_resolve_poster_url_falls_back_to_branding_placeholder" time="0.001" /><testcase classname="tests.test_artwork_resolution" name="test_resolve_backdrop_url_converts_tmdb_paths" time="0.000" /><testcase classname="tests.test_auto_delete_task" name="test_auto_delete_defaults_and_metadata" time="0.153" /><testcase classname="tests.test_auto_delete_task" name="test_auto_delete_policy_uses_longest_applicable_delay" time="0.001" /><testcase classname="tests.test_auto_delete_task" name="test_auto_delete_policy_inherits_global_delay_and_supports_zero" time="0.001" /><testcase classname="tests.test_auto_delete_task" name="test_execute_task_refreshes_playback_history" time="0.003" /><testcase classname="tests.test_auto_delete_task" name="test_execute_task_routes_external_rating_providers" time="0.003" /><testcase classname="tests.test_auto_delete_task" name="test_update_general_settings_disables_auto_delete_task" time="0.138" /><testcase classname="tests.test_auto_delete_task" name="test_update_task_schedule_blocks_auto_delete_enable_without_opt_in" time="0.137" /><testcase classname="tests.test_auto_delete_task" name="test_run_task_now_rejects_auto_delete_without_opt_in" time="0.002" /><testcase classname="tests.test_auto_delete_task" name="test_delete_cleanup_candidates_skips_overlapping_entries" time="0.154" /><testcase classname="tests.test_auto_delete_task" name="test_default_schedule_update_preserves_existing_auto_delete_schedule" time="0.135" /><testcase classname="tests.test_auto_delete_task" name="test_delete_cleanup_candidates_waits_for_review_period" time="0.133" /><testcase classname="tests.test_candidate_file_op_jobs" name="test_candidate_workflows_share_one_serialization_lock" time="0.003" /><testcase classname="tests.test_candidate_file_op_jobs" name="test_delete_candidates_queues_background_job" time="0.149" /><testcase classname="tests.test_candidate_file_op_jobs" name="test_list_candidate_file_op_jobs_only_returns_visible_jobs" time="0.150" /><testcase classname="tests.test_candidate_file_op_jobs" name="test_list_history_scopes_jobs_by_role" time="0.144" /><testcase classname="tests.test_candidate_file_op_jobs" name="test_approve_delete_request_queues_execution" time="0.165" /><testcase classname="tests.test_candidate_file_op_jobs" name="test_run_candidate_file_op_job_marks_delete_request_executed" time="0.187" /><testcase classname="tests.test_candidates_pagination" name="test_get_candidates_all_paginates_by_display_groups" time="0.177" /><testcase classname="tests.test_candidates_pagination" name="test_get_candidates_movies_filter_keeps_version_group_together" time="0.316" /><testcase classname="tests.test_candidates_pagination" name="test_get_candidates_sorts_groups_by_auto_delete_date" time="0.156" /><testcase classname="tests.test_candidates_pagination" name="test_get_candidates_search_keeps_series_group_intact" time="0.173" /><testcase classname="tests.test_candidates_pagination" name="test_get_candidates_presence_reports_existing_candidates" time="0.149" /><testcase classname="tests.test_candidates_pagination" name="test_get_candidates_includes_imdb_fields" time="0.171" /><testcase classname="tests.test_candidates_pagination" name="test_get_candidates_includes_media_page_metadata" time="0.148" /><testcase classname="tests.test_cleanup_media_rules.CleanupMediaRuleTests" name="test_arr_action_resolution_logs_rule_and_fallback_sources" time="0.001" /><testcase classname="tests.test_cleanup_media_rules.CleanupMediaRuleTests" name="test_compute_requester_has_watched_handles_mixed_timezone_datetimes" time="0.000" /><testcase classname="tests.test_cleanup_media_rules.CleanupMediaRuleTests" name="test_compute_requester_has_watched_supports_series_keys" time="0.000" /><testcase classname="tests.test_cleanup_media_rules.CleanupMediaRuleTests" name="test_evaluate_movie_rule_combined_criteria_populates_reasons" time="0.001" /><testcase classname="tests.test_cleanup_media_rules.CleanupMediaRuleTests" name="test_evaluate_movie_rule_days_since_release_passes_and_fails" time="0.001" /><testcase classname="tests.test_cleanup_media_rules.CleanupMediaRuleTests" name="test_evaluate_movie_rule_dispatches_to_movie_media_path" time="0.001" /><testcase classname="tests.test_cleanup_media_rules.CleanupMediaRuleTests" name="test_evaluate_movie_rule_dispatches_to_series_aggregate_path" time="0.001" /><testcase classname="tests.test_cleanup_media_rules.CleanupMediaRuleTests" name="test_evaluate_movie_rule_fails_series_with_unsupported_aggregate_fields" time="0.001" /><testcase classname="tests.test_cleanup_media_rules.CleanupMediaRuleTests" name="test_evaluate_movie_rule_library_filter_matches_any_selected_library" time="0.001" /><testcase classname="tests.test_cleanup_media_rules.CleanupMediaRuleTests" name="test_evaluate_movie_rule_library_filter_passes_and_fails" time="0.001" /><testcase classname="tests.test_cleanup_media_rules.CleanupMediaRuleTests" name="test_evaluate_movie_rule_media_path_contains_all_and_negation" time="0.002" /><testcase classname="tests.test_cleanup_media_rules.CleanupMediaRuleTests" name="test_evaluate_movie_rule_media_server_collections_matches_version" time="0.001" /><testcase classname="tests.test_cleanup_media_rules.CleanupMediaRuleTests" name="test_evaluate_movie_rule_media_server_collections_missing" time="0.001" /><testcase classname="tests.test_cleanup_media_rules.CleanupMediaRuleTests" name="test_evaluate_movie_rule_path_and_filename_regex_and_condition_uses_path_basename_fallback" time="0.001" /><testcase classname="tests.test_cleanup_media_rules.CleanupMediaRuleTests" name="test_evaluate_movie_rule_path_folder_literal_and_filename_regex_passes" time="0.001" /><testcase classname="tests.test_cleanup_media_rules.CleanupMediaRuleTests" name="test_evaluate_movie_rule_path_regex_passes_and_fails" time="0.001" /><testcase classname="tests.test_cleanup_media_rules.CleanupMediaRuleTests" name="test_evaluate_movie_rule_release_date_operator_passes_and_fails" time="0.001" /><testcase classname="tests.test_cleanup_media_rules.CleanupMediaRuleTests" name="test_evaluate_movie_rule_seerr_requested_matches" time="0.001" /><testcase classname="tests.test_cleanup_media_rules.CleanupMediaRuleTests" name="test_evaluate_movie_rule_seerr_requester_ids_matches" time="0.001" /><testcase classname="tests.test_cleanup_media_rules.CleanupMediaRuleTests" name="test_evaluate_movie_rule_series_status_passes_and_fails" time="0.001" /><testcase classname="tests.test_cleanup_media_rules.CleanupMediaRuleTests" name="test_evaluate_movie_rule_size_criteria_passes_and_fails" time="0.001" /><testcase classname="tests.test_cleanup_media_rules.CleanupMediaRuleTests" name="test_evaluate_movie_rule_temporal_criteria_passes_and_fails" time="0.001" /><testcase classname="tests.test_cleanup_media_rules.CleanupMediaRuleTests" name="test_evaluate_movie_rule_tmdb_collection_name_contains_all_and_negation" time="0.001" /><testcase classname="tests.test_cleanup_media_rules.CleanupMediaRuleTests" name="test_evaluate_movie_rule_tmdb_collection_name_matches" time="0.002" /><testcase classname="tests.test_cleanup_media_rules.CleanupMediaRuleTests" name="test_evaluate_movie_rule_tmdb_genres_exists_and_missing" time="0.001" /><testcase classname="tests.test_cleanup_media_rules.CleanupMediaRuleTests" name="test_evaluate_movie_rule_tmdb_genres_matches_tmdb_objects" time="0.001" /><testcase classname="tests.test_cleanup_media_rules.CleanupMediaRuleTests" name="test_evaluate_movie_rule_tmdb_in_collection_true_false" time="0.001" /><testcase classname="tests.test_cleanup_media_rules.CleanupMediaRuleTests" name="test_evaluate_movie_rule_tmdb_in_collection_unknown_does_not_match_false" time="0.001" /><testcase classname="tests.test_cleanup_media_rules.CleanupMediaRuleTests" name="test_evaluate_movie_rule_tmdb_ranges_passes_and_fails" time="0.001" /><testcase classname="tests.test_cleanup_media_rules.CleanupMediaRuleTests" name="test_evaluate_movie_rule_watch_behavior_default_vs_include_never_watched" time="0.001" /><testcase classname="tests.test_cleanup_media_rules.CleanupMediaRuleTests" name="test_evaluate_movie_rule_watch_never_watched_is_false_for_watched_movie" time="0.001" /><testcase classname="tests.test_cleanup_media_rules.CleanupMediaRuleTests" name="test_evaluate_movie_rule_watch_never_watched_is_true_for_unwatched_movie" time="0.001" /><testcase classname="tests.test_cleanup_media_rules.CleanupMediaRuleTests" name="test_evaluate_movie_rule_watch_never_watched_treats_readded_copy_as_unwatched" time="0.002" /><testcase classname="tests.test_cleanup_media_rules.CleanupMediaRuleTests" name="test_evaluate_rule_for_season_air_date_operator_passes_and_fails" time="0.001" /><testcase classname="tests.test_cleanup_media_rules.CleanupMediaRuleTests" name="test_evaluate_rule_for_season_applies_season_specific_fields" time="0.002" /><testcase classname="tests.test_cleanup_media_rules.CleanupMediaRuleTests" name="test_evaluate_rule_for_season_days_since_air_date_passes_and_fails" time="0.001" /><testcase classname="tests.test_cleanup_media_rules.CleanupMediaRuleTests" name="test_evaluate_rule_for_season_fully_watched_matches_all_watched" time="0.001" /><testcase classname="tests.test_cleanup_media_rules.CleanupMediaRuleTests" name="test_evaluate_rule_for_season_watch_never_watched_is_false_for_watched_season" time="0.001" /><testcase classname="tests.test_cleanup_media_rules.CleanupMediaRuleTests" name="test_evaluate_rule_for_season_watch_never_watched_treats_readded_as_unwatched" time="0.001" /><testcase classname="tests.test_cleanup_media_rules.CleanupMediaRuleTests" name="test_evaluate_rule_for_season_watched_percent_matches_partial" time="0.001" /><testcase classname="tests.test_cleanup_media_rules.CleanupMediaRuleTests" name="test_evaluate_rule_for_season_watched_progress_ignores_stale_watch_data" time="0.001" /><testcase classname="tests.test_cleanup_media_rules.CleanupMediaRuleTests" name="test_evaluate_rule_for_season_watched_progress_unknown_without_episodes" time="0.001" /><testcase classname="tests.test_cleanup_media_rules.CleanupMediaRuleTests" name="test_evaluate_series_rule_arr_tags_legacy_equals_is_list_aware" time="0.001" /><testcase classname="tests.test_cleanup_media_rules.CleanupMediaRuleTests" name="test_evaluate_series_rule_arr_tags_legacy_not_equals_is_list_aware" time="0.001" /><testcase classname="tests.test_cleanup_media_rules.CleanupMediaRuleTests" name="test_evaluate_series_rule_days_since_air_dates_passes_and_fails" time="0.001" /><testcase classname="tests.test_cleanup_media_rules.CleanupMediaRuleTests" name="test_evaluate_series_rule_filename_regex_uses_series_path_basename" time="0.001" /><testcase classname="tests.test_cleanup_media_rules.CleanupMediaRuleTests" name="test_evaluate_series_rule_watch_never_watched_is_true_for_unwatched_series" time="0.001" /><testcase classname="tests.test_cleanup_media_rules.CleanupMediaRuleTests" name="test_evaluate_series_scopes_use_service_ref_media_server_collections" time="0.001" /><testcase classname="tests.test_cleanup_media_rules.CleanupMediaRuleTests" name="test_evaluate_series_season_episode_rules_use_series_tmdb_genres" time="0.001" /><testcase classname="tests.test_cleanup_media_rules.CleanupMediaRuleTests" name="test_external_rating_fields_match_movie_version_scope" time="0.001" /><testcase classname="tests.test_cleanup_media_rules.CleanupMediaRuleTests" name="test_malformed_runtime_group_fails_closed" time="0.001" /><testcase classname="tests.test_cleanup_media_rules.CleanupMediaRuleTests" name="test_missing_language_and_country_fail_negative_list_matches" time="0.001" /><testcase classname="tests.test_cleanup_media_rules.CleanupMediaRuleTests" name="test_movie_version_extended_metadata_fields_match" time="0.001" /><testcase classname="tests.test_cleanup_media_rules.CleanupMediaRuleTests" name="test_movie_version_identifier_favorite_collection_and_rating_fields_match" time="0.001" /><testcase classname="tests.test_cleanup_media_rules.CleanupMediaRuleTests" name="test_nested_and_or_episode_scope_matches_expected_branch" time="0.001" /><testcase classname="tests.test_cleanup_media_rules.CleanupMediaRuleTests" name="test_nested_and_or_movie_version_only_records_matching_or_branch" time="0.001" /><testcase classname="tests.test_cleanup_media_rules.CleanupMediaRuleTests" name="test_nested_and_or_season_scope_matches_expected_branch" time="0.001" /><testcase classname="tests.test_cleanup_media_rules.CleanupMediaRuleTests" name="test_nested_and_or_series_scope_requires_all_and_children" time="0.001" /><testcase classname="tests.test_cleanup_media_rules.CleanupMediaRuleTests" name="test_plex_bitrate_values_are_already_kbps" time="0.001" /><testcase classname="tests.test_cleanup_media_rules.CleanupMediaRuleTests" name="test_requester_tv_watch_targets_complete_and_ignore_specials" time="0.000" /><testcase classname="tests.test_cleanup_media_rules.CleanupMediaRuleTests" name="test_requester_tv_watch_targets_do_not_union_different_requesters" time="0.001" /><testcase classname="tests.test_cleanup_media_rules.CleanupMediaRuleTests" name="test_requester_tv_watch_targets_ignore_pre_request_plays" time="0.001" /><testcase classname="tests.test_cleanup_media_rules.CleanupMediaRuleTests" name="test_requester_tv_watch_targets_require_complete_rollups" time="0.000" /><testcase classname="tests.test_cleanup_media_rules.CleanupMediaRuleTests" name="test_requester_tv_watch_targets_use_each_season_request_time" time="0.000" /><testcase classname="tests.test_cleanup_media_rules.CleanupMediaRuleTests" name="test_season_watch_progress_includes_missing_sonarr_episodes" time="0.001" /><testcase classname="tests.test_cleanup_media_rules.CleanupMediaRuleTests" name="test_series_metadata_and_season_counts_are_inherited_by_all_scopes" time="0.001" /><testcase classname="tests.test_cleanup_media_rules.CleanupMediaRuleTests" name="test_sonarr_series_status_is_inherited_by_all_tv_targets" time="0.001" /><testcase classname="tests.test_cleanup_media_rules.CleanupMediaRuleTests" name="test_sonarr_series_status_requires_consistent_refs" time="0.000" /><testcase classname="tests.test_cleanup_media_rules.CleanupMediaRuleTests" name="test_tv_arr_favorites_ranks_and_rating_fields_match" time="0.001" /><testcase classname="tests.test_cleanup_media_rules.CleanupScanIntegrationTests" name="test_automated_protection_respects_library_scope" time="2.700" /><testcase classname="tests.test_cleanup_media_rules.CleanupScanIntegrationTests" name="test_automated_protection_wins_over_matching_candidate" time="3.186" /><testcase classname="tests.test_cleanup_media_rules.CleanupScanIntegrationTests" name="test_collect_rule_preview_matches_arr_tags_legacy_not_equals" time="2.355" /><testcase classname="tests.test_cleanup_media_rules.CleanupScanIntegrationTests" name="test_collect_rule_preview_matches_does_not_persist_candidates" time="2.293" /><testcase classname="tests.test_cleanup_media_rules.CleanupScanIntegrationTests" name="test_collect_rule_preview_matches_metadata_reports_exclusions" time="2.433" /><testcase classname="tests.test_cleanup_media_rules.CleanupScanIntegrationTests" name="test_multiple_protection_rules_create_separate_entries" time="2.317" /><testcase classname="tests.test_cleanup_media_rules.CleanupScanIntegrationTests" name="test_process_series_episode_candidates_remove_stale_protected_episode" time="2.489" /><testcase classname="tests.test_cleanup_media_rules.CleanupScanIntegrationTests" name="test_process_series_episode_candidates_skip_protected_episode" time="2.123" /><testcase classname="tests.test_cleanup_media_rules.CleanupScanIntegrationTests" name="test_process_series_season_candidate_create_update_remove" time="2.910" /><testcase classname="tests.test_cleanup_media_rules.CleanupScanIntegrationTests" name="test_protection_preview_includes_already_protected_media" time="2.430" /><testcase classname="tests.test_cleanup_media_rules.CleanupScanIntegrationTests" name="test_refresh_arr_tags_for_rules_preserves_failed_radarr_config_rows" time="2.396" /><testcase classname="tests.test_cleanup_media_rules.CleanupScanIntegrationTests" name="test_refresh_arr_tags_for_rules_preserves_failed_sonarr_config_rows" time="2.196" /><testcase classname="tests.test_cleanup_media_rules.CleanupScanIntegrationTests" name="test_refresh_arr_tags_for_rules_uses_sonarr_series_and_tag_catalog" time="2.260" /><testcase classname="tests.test_cleanup_media_rules.CleanupScanIntegrationTests" name="test_requester_watch_ignores_partial_durable_movie_sessions" time="2.271" /><testcase classname="tests.test_cleanup_media_rules.CleanupScanIntegrationTests" name="test_rule_reconciliation_preserves_manual_protection" time="2.430" /><testcase classname="tests.test_cleanup_media_rules.CleanupScanIntegrationTests" name="test_scan_cleans_leaving_soon_collections_when_disabled" time="2.355" /><testcase classname="tests.test_cleanup_media_rules.CleanupScanIntegrationTests" name="test_scan_ends_notice_transaction_before_nested_provider_write" time="2.317" /><testcase classname="tests.test_cleanup_media_rules.CleanupScanIntegrationTests" name="test_scan_keeps_last_success_title_when_current_sync_fails" time="2.389" /><testcase classname="tests.test_cleanup_media_rules.CleanupScanIntegrationTests" name="test_scan_keeps_last_success_title_when_old_cleanup_fails" time="2.730" /><testcase classname="tests.test_cleanup_media_rules.CleanupScanIntegrationTests" name="test_scan_keeps_leaving_soon_titles_when_disabled_cleanup_fails" time="2.601" /><testcase classname="tests.test_cleanup_media_rules.CleanupScanIntegrationTests" name="test_scan_maps_season_candidates_to_series_leaving_soon_items" time="2.664" /><testcase classname="tests.test_cleanup_media_rules.CleanupScanIntegrationTests" name="test_scan_movie_candidate_create_update_remove" time="2.343" /><testcase classname="tests.test_cleanup_media_rules.CleanupScanIntegrationTests" name="test_scan_renames_using_last_success_title" time="2.099" /><testcase classname="tests.test_cleanup_media_rules.CleanupScanIntegrationTests" name="test_scan_skips_leaving_soon_sync_when_disabled" time="2.102" /><testcase classname="tests.test_cleanup_media_rules.CleanupScanIntegrationTests" name="test_scan_syncs_leaving_soon_collections_when_enabled" time="2.758" /><testcase classname="tests.test_cleanup_media_rules.CleanupScanIntegrationTests" name="test_season_inventory_warning_respects_rule_scope" time="2.494" /><testcase classname="tests.test_cleanup_media_rules.CleanupScanIntegrationTests" name="test_skipped_protection_rule_can_preserve_existing_entries" time="2.315" /><testcase classname="tests.test_cleanup_media_rules.CleanupScanIntegrationTests" name="test_sonarr_failure_preserves_affected_managed_protection" time="2.039" /><testcase classname="tests.test_cleanup_media_rules.CleanupScanIntegrationTests" name="test_sonarr_next_airing_proves_unaired_without_episode_fetch" time="2.027" /><testcase classname="tests.test_cleanup_media_rules.CleanupScanIntegrationTests" name="test_sonarr_rule_fetches_only_latest_regular_season" time="2.493" /><testcase classname="tests.test_cleanup_media_rules.CleanupScanIntegrationTests" name="test_sonarr_rule_refreshes_share_one_bulk_series_snapshot" time="2.071" /><testcase classname="tests.test_cleanup_media_rules.CleanupScanIntegrationTests" name="test_sonarr_rule_skips_fetch_when_local_or_branch_matches" time="2.158" /><testcase classname="tests.test_cleanup_media_rules.CleanupScanIntegrationTests" name="test_sonarr_status_conflict_fails_closed" time="2.175" /><testcase classname="tests.test_cleanup_media_rules.CleanupScanIntegrationTests" name="test_sonarr_status_rule_uses_bulk_series_without_episode_fetch" time="2.103" /><testcase classname="tests.test_correlation_integration" name="test_correlation_torrents_list_and_unknown_detail[asyncio]" time="0.098" /><testcase classname="tests.test_correlation_integration" name="test_correlation_detail_resolves_movie_relationships[asyncio]" time="0.099" /><testcase classname="tests.test_correlation_integration" name="test_correlation_requires_qbittorrent_runtime_client[asyncio]" time="0.001" /><testcase classname="tests.test_correlation_integration" name="test_correlation_prefers_strong_path_identity_and_avoids_cross_title_collision[asyncio]" time="0.091" /><testcase classname="tests.test_correlation_integration" name="test_correlation_never_reuses_other_title_artwork_for_unmatched_identity[asyncio-Ballerina 2025 1080p]" time="0.096" /><testcase classname="tests.test_correlation_integration" name="test_correlation_never_reuses_other_title_artwork_for_unmatched_identity[asyncio-Captain America Brave New World 2025 1080p]" time="0.087" /><testcase classname="tests.test_correlation_integration" name="test_correlation_never_reuses_other_title_artwork_for_unmatched_identity[asyncio-Anaconda 2024 1080p]" time="0.093" /><testcase classname="tests.test_correlation_integration" name="test_correlation_never_reuses_other_title_artwork_for_unmatched_identity[asyncio-Dr Pimple Popper S01E01 1080p]" time="0.091" /><testcase classname="tests.test_dashboard" name="test_dashboard_totals_exclude_soft_deleted_media[asyncio]" time="0.139" /><testcase classname="tests.test_dashboard" name="test_dashboard_materializes_provider_rating_task_history[asyncio]" time="0.130" /><testcase classname="tests.test_dashboard" name="test_dashboard_decision_summary_resolves_opportunity_posters[asyncio]" time="0.140" /><testcase classname="tests.test_dashboard" name="test_dashboard_decision_summary_uses_operations_engine_counts[asyncio]" time="0.258" /><testcase classname="tests.test_database_sqlite" name="test_sqlite_connections_receive_locking_pragmas" time="0.014" /><testcase classname="tests.test_decision_engine" name="test_protected_state_has_priority" time="0.000" /><testcase classname="tests.test_decision_engine" name="test_candidate_before_eligibility_waits" time="0.000" /><testcase classname="tests.test_decision_engine" name="test_series_with_child_candidates_is_safe_to_delete" time="0.000" /><testcase classname="tests.test_external_ratings" name="test_parse_omdb_ratings_extracts_rotten_tomatoes_and_metascore" time="0.000" /><testcase classname="tests.test_external_ratings" name="test_parse_mdblist_ratings_handles_nested_provider_shapes" time="0.000" /><testcase classname="tests.test_external_ratings" name="test_parse_mdblist_ratings_uses_source_specific_value_scale_fallbacks" time="0.000" /><testcase classname="tests.test_external_ratings" name="test_rate_limit_headers_are_normalized" time="0.000" /><testcase classname="tests.test_external_ratings_tasks" name="test_provider_tasks_keep_independent_caches_and_mdblist_precedence[asyncio]" time="0.195" /><testcase classname="tests.test_external_ratings_tasks" name="test_provider_failure_does_not_erase_cached_values[asyncio]" time="0.131" /><testcase classname="tests.test_frontend_branding_paths" name="test_frontend_index_uses_base_url_for_branding_assets" time="0.001" /><testcase classname="tests.test_frontend_branding_png_only" name="test_branding_asset_map_uses_png_only" time="0.001" /><testcase classname="tests.test_frontend_branding_png_only" name="test_artwork_fallback_does_not_emit_svg_branding_urls" time="0.000" /><testcase classname="tests.test_frontend_branding_png_only" name="test_sync_branding_required_assets_exclude_svg" time="0.001" /><testcase classname="tests.test_frontend_branding_png_only" name="test_generated_branding_output_excludes_svg_files" time="0.001" /><testcase classname="tests.test_frontend_branding_png_only" name="test_manifest_icons_do_not_reference_svg" time="0.001" /><testcase classname="tests.test_frontend_runtime_diagnostics_and_artwork" name="test_brand_logo_uses_explicit_width_and_sidebar_constrains_height" time="0.001" /><testcase classname="tests.test_frontend_runtime_diagnostics_and_artwork" name="test_shared_artwork_component_is_single_card_render_path" time="0.001" /><testcase classname="tests.test_frontend_runtime_diagnostics_and_artwork" name="test_system_page_exposes_actionable_provider_diagnostics_fields" time="0.001" /><testcase classname="tests.test_identity_artwork_pipeline" name="test_identity_workspace_search_matches_requested_fields[asyncio-life-A Bug's Life]" time="0.147" /><testcase classname="tests.test_identity_artwork_pipeline" name="test_identity_workspace_search_matches_requested_fields[asyncio-LIFE-A Bug's Life]" time="0.341" /><testcase classname="tests.test_identity_artwork_pipeline" name="test_identity_workspace_search_matches_requested_fields[asyncio-bugs life alt-A Bug's Life]" time="0.123" /><testcase classname="tests.test_identity_artwork_pipeline" name="test_identity_workspace_search_matches_requested_fields[asyncio-1998-A Bug's Life]" time="0.138" /><testcase classname="tests.test_identity_artwork_pipeline" name="test_identity_workspace_search_matches_requested_fields[asyncio-tt0120623-A Bug's Life]" time="0.135" /><testcase classname="tests.test_identity_artwork_pipeline" name="test_identity_workspace_search_matches_requested_fields[asyncio-862-A Bug's Life]" time="0.133" /><testcase classname="tests.test_identity_artwork_pipeline" name="test_identity_workspace_search_matches_requested_fields[asyncio-98765-Bugs Collection]" time="0.146" /><testcase classname="tests.test_identity_artwork_pipeline" name="test_identity_workspace_uses_shared_artwork_resolver[asyncio]" time="0.131" /><testcase classname="tests.test_identity_artwork_pipeline" name="test_identity_studio_returns_normalized_artwork_urls[asyncio]" time="0.130" /><testcase classname="tests.test_identity_artwork_pipeline" name="test_identity_workspace_confidence_falls_back_to_health_signals[asyncio]" time="0.129" /><testcase classname="tests.test_identity_artwork_pipeline" name="test_identity_studio_falls_back_to_asset_artwork_when_match_rows_missing[asyncio]" time="0.129" /><testcase classname="tests.test_identity_artwork_pipeline" name="test_identity_studio_artwork_cards_include_provider_comparison[asyncio]" time="0.117" /><testcase classname="tests.test_identity_artwork_pipeline" name="test_set_artwork_provider_records_history_and_queues_sync[asyncio]" time="0.098" /><testcase classname="tests.test_imdb" name="test_build_conditional_headers" time="0.000" /><testcase classname="tests.test_imdb" name="test_parse_title_ratings_tsv_gz" time="0.000" /><testcase classname="tests.test_imdb" name="test_parse_title_ratings_skips_blank_imdb_id_and_tolerates_bad_numbers" time="0.000" /><testcase classname="tests.test_imdb" name="test_batched_rows" time="0.000" /><testcase classname="tests.test_imdb" name="test_parse_imdb_last_modified" time="0.000" /><testcase classname="tests.test_info_changelog" name="test_parse_changelog_splits_releases" time="0.000" /><testcase classname="tests.test_info_changelog" name="test_parse_changelog_returns_empty_for_no_release_headers" time="0.000" /><testcase classname="tests.test_info_changelog" name="test_parse_changelog_undated_header_consumes_next_line_as_date" time="0.000" /><testcase classname="tests.test_info_changelog" name="test_get_changelog_returns_release_list" time="0.010" /><testcase classname="tests.test_info_changelog" name="test_get_changelog_raises_404_when_missing" time="0.001" /><testcase classname="tests.test_info_changelog" name="test_get_changelog_raises_404_when_no_releases" time="0.004" /><testcase classname="tests.test_info_version" name="test_get_version_returns_build_info_metadata" time="0.001" /><testcase classname="tests.test_info_version" name="test_load_build_info_reads_artifact_file" time="0.004" /><testcase classname="tests.test_info_version" name="test_load_build_info_missing_artifact_is_unavailable" time="0.002" /><testcase classname="tests.test_language_normalization" name="test_normalize_language_equates_iso_aliases_names_and_case" time="0.000" /><testcase classname="tests.test_language_normalization" name="test_normalize_language_strips_regional_tag" time="0.000" /><testcase classname="tests.test_language_normalization" name="test_normalize_languages_deduplicates_aliases_and_drops_unknowns" time="0.000" /><testcase classname="tests.test_language_normalization" name="test_language_list_rules_are_case_insensitive_and_alias_aware" time="0.000" /><testcase classname="tests.test_language_normalization" name="test_unknown_language_does_not_match_negative_list_operator" time="0.000" /><testcase classname="tests.test_language_normalization" name="test_unknown_language_matches_explicit_missing_operator" time="0.000" /><testcase classname="tests.test_language_normalization" name="test_unrelated_negative_list_rule_still_matches_empty_values" time="0.000" /><testcase classname="tests.test_language_normalization" name="test_media_server_language_ingestion_uses_canonical_codes" time="0.000" /><testcase classname="tests.test_language_normalization" name="test_plex_requests_details_when_lightweight_audio_language_is_missing" time="0.000" /><testcase classname="tests.test_leaving_soon_deletion_guard.LeavingSoonAdapterPruneTests" name="test_emby_prune_removes_only_matching_collection_items" time="0.004" /><testcase classname="tests.test_leaving_soon_deletion_guard.LeavingSoonAdapterPruneTests" name="test_plex_prune_rebuilds_collection_without_removed_items" time="0.006" /><testcase classname="tests.test_leaving_soon_deletion_guard.LeavingSoonEmbyCollectionSyncTests" name="test_add_failure_includes_http_context_instead_of_none" time="0.004" /><testcase classname="tests.test_leaving_soon_deletion_guard.LeavingSoonEmbyCollectionSyncTests" name="test_collection_membership_lookup_paginates_past_1000_items" time="0.005" /><testcase classname="tests.test_leaving_soon_deletion_guard.LeavingSoonEmbyCollectionSyncTests" name="test_create_and_add_collection_items_in_bounded_batches" time="0.006" /><testcase classname="tests.test_leaving_soon_deletion_guard.LeavingSoonEmbyCollectionSyncTests" name="test_remove_batches_items_and_uses_404_compatibility_fallback" time="0.004" /><testcase classname="tests.test_leaving_soon_deletion_guard.LeavingSoonEmbyCollectionSyncTests" name="test_sync_skips_missing_jellyfin_ids_and_adds_valid_items" time="0.006" /><testcase classname="tests.test_leaving_soon_deletion_guard.LeavingSoonActionGuardTests" name="test_delete_blocks_when_pre_prune_fails" time="0.007" /><testcase classname="tests.test_leaving_soon_deletion_guard.LeavingSoonActionGuardTests" name="test_delete_prunes_before_action_and_reconciles_afterward" time="0.004" /><testcase classname="tests.test_leaving_soon_deletion_guard.LeavingSoonActionGuardTests" name="test_move_uses_the_same_guard" time="0.005" /><testcase classname="tests.test_leaving_soon_deletion_guard.LeavingSoonPruneResolutionTests" name="test_movie_candidate_prunes_all_service_versions_before_action" time="2.543" /><testcase classname="tests.test_legacy_external_ratings_migration" name="test_upgrade_repairs_legacy_runs_jobs_and_schedules" time="0.038" /><testcase classname="tests.test_legacy_external_ratings_migration" name="test_upgrade_removes_legacy_schedule_when_replacement_exists" time="0.048" /><testcase classname="tests.test_media_auth_identity" name="test_change_password_allows_passwordless_user_without_old_password" time="0.221" /><testcase classname="tests.test_media_auth_identity" name="test_resolve_or_create_user_aggregates_case_insensitive_usernames" time="0.101" /><testcase classname="tests.test_media_auth_identity" name="test_authenticate_emby_family_credentials_sets_admin_role" time="0.002" /><testcase classname="tests.test_media_auth_identity" name="test_media_auth_new_user_uses_provider_role_and_existing_roles_are_preserved" time="0.118" /><testcase classname="tests.test_media_auth_identity" name="test_admin_can_link_and_unlink_media_identity_and_resolve_notice" time="0.103" /><testcase classname="tests.test_media_auth_identity" name="test_persist_plex_identity_token_updates_linked_identity" time="0.094" /><testcase classname="tests.test_media_auth_plex_access" name="test_authenticate_plex_token_allows_shared_user_with_server_access" time="0.082" /><testcase classname="tests.test_media_auth_plex_access" name="test_authenticate_plex_token_allows_owner_without_shared_users_lookup" time="0.080" /><testcase classname="tests.test_media_auth_plex_access" name="test_authenticate_plex_token_denies_user_without_target_server_share" time="0.085" /><testcase classname="tests.test_media_auth_plex_access" name="test_authenticate_plex_token_fails_closed_when_users_lookup_fails" time="0.078" /><testcase classname="tests.test_media_card_shell_regression" name="test_media_card_shell_does_not_mutate_state_inside_derived" time="0.001" /><testcase classname="tests.test_media_favorites_cache_plex" name="test_refresh_snapshot_imports_plex_watchlist_for_linked_users" time="0.177" /><testcase classname="tests.test_media_favorites_cache_plex" name="test_refresh_snapshot_keeps_stale_plex_rows_for_failed_users" time="0.101" /><testcase classname="tests.test_media_favorites_cache_plex" name="test_request_plex_watchlist_page_retries_smaller_container_sizes" time="0.001" /><testcase classname="tests.test_media_favorites_cache_plex" name="test_build_plex_discover_headers_matches_plexapi_shape" time="0.000" /><testcase classname="tests.test_media_filter_imports" name="test_sync_imported_arr_filters_falls_back_to_arr_tags[asyncio]" time="0.096" /><testcase classname="tests.test_media_filter_imports" name="test_filter_catalog_prefixes_imported_provider_names[asyncio]" time="0.092" /><testcase classname="tests.test_media_server_collection_rules" name="test_plex_collection_name_mapping_dedupes_children" time="0.001" /><testcase classname="tests.test_media_server_collection_rules" name="test_emby_collection_name_mapping_dedupes_children" time="0.001" /><testcase classname="tests.test_media_watch_snapshot_cache" name="test_legacy_plex_sync_state_requires_full_rebuild" time="0.000" /><testcase classname="tests.test_media_watch_snapshot_cache" name="test_current_plex_sync_state_remains_incremental_until_interval_expires" time="0.000" /><testcase classname="tests.test_media_watch_snapshot_cache" name="test_current_plex_sync_state_rebuilds_after_interval" time="0.000" /><testcase classname="tests.test_media_watch_snapshot_cache" name="test_episode_watch_rows_resolve_provider_episode_ids" time="1.636" /><testcase classname="tests.test_metadata_provider_status" name="test_metadata_provider_status_reports_refresh_usage_and_coverage[asyncio]" time="0.106" /><testcase classname="tests.test_metadata_provider_status" name="test_metadata_provider_status_returns_defaults_without_configuration[asyncio]" time="0.087" /><testcase classname="tests.test_metadata_provider_status" name="test_mdblist_request_delay_defaults_and_supporter_mode" time="0.000" /><testcase classname="tests.test_mie_identity_foundation_service" name="test_canonical_identity_list_returns_seeded_rows[asyncio]" time="0.087" /><testcase classname="tests.test_mie_identity_foundation_service" name="test_canonical_identity_detail_and_related_indexes[asyncio]" time="0.089" /><testcase classname="tests.test_mie_intelligence_service" name="test_mie_overview_includes_health_and_overseerr_counts[asyncio]" time="0.097" /><testcase classname="tests.test_mie_intelligence_service" name="test_mie_timeline_and_relationships_include_overseerr_and_operations[asyncio]" time="0.117" /><testcase classname="tests.test_movie_version_radarr_delete_routing" name="test_single_version_candidate_promotes_to_radarr_delete" time="0.121" /><testcase classname="tests.test_movie_version_radarr_delete_routing" name="test_whole_movie_without_radarr_ref_records_failure_when_fallback_disabled" time="0.099" /><testcase classname="tests.test_movie_version_radarr_delete_routing" name="test_whole_movie_radarr_batch_failure_records_candidate_error" time="0.107" /><testcase classname="tests.test_movie_version_radarr_delete_routing" name="test_single_version_candidate_promotes_without_path_proof_for_one_radarr" time="0.110" /><testcase classname="tests.test_movie_version_radarr_delete_routing" name="test_partial_version_candidate_does_not_delete_unselected_versions" time="0.106" /><testcase classname="tests.test_movie_version_radarr_delete_routing" name="test_single_version_multi_radarr_uses_path_mapping_to_target_ref" time="0.115" /><testcase classname="tests.test_movie_version_radarr_delete_routing" name="test_single_version_multi_radarr_without_path_proof_fails_closed" time="0.101" /><testcase classname="tests.test_movie_version_radarr_delete_routing" name="test_all_versions_selected_can_delete_via_radarr" time="0.117" /><testcase classname="tests.test_movie_version_radarr_delete_routing" name="test_unmonitor_action_still_deletes_selected_file_locally" time="0.137" /><testcase classname="tests.test_movies_collection_fields" name="test_get_movies_includes_collection_fields" time="0.147" /><testcase classname="tests.test_oidc_auth" name="test_update_oidc_settings_requires_secret_when_enabling" time="0.135" /><testcase classname="tests.test_oidc_auth" name="test_update_oidc_settings_persists_token_endpoint_auth_method" time="0.121" /><testcase classname="tests.test_oidc_auth" name="test_oidc_callback_redirect_uri_uses_override" time="0.000" /><testcase classname="tests.test_oidc_auth" name="test_oidc_callback_redirect_uri_uses_request_scheme" time="0.000" /><testcase classname="tests.test_oidc_auth" name="test_oidc_callback_redirect_uri_prefers_application_url" time="0.000" /><testcase classname="tests.test_oidc_auth" name="test_oidc_start_stores_sanitized_return_to" time="0.093" /><testcase classname="tests.test_oidc_auth" name="test_oidc_start_uses_absolute_return_to_origin_for_callback" time="0.086" /><testcase classname="tests.test_oidc_auth" name="test_oidc_callback_uses_session_return_to" time="0.086" /><testcase classname="tests.test_oidc_auth" name="test_post_auth_redirect_uses_application_url_default" time="0.000" /><testcase classname="tests.test_oidc_auth" name="test_post_auth_redirect_rejects_localhost_when_application_url_is_public" time="0.000" /><testcase classname="tests.test_oidc_auth" name="test_post_auth_redirect_allows_localhost_without_application_url" time="0.000" /><testcase classname="tests.test_oidc_auth" name="test_post_auth_redirect_allows_relative_path" time="0.000" /><testcase classname="tests.test_oidc_auth" name="test_extract_userinfo_fetches_userinfo_when_email_missing" time="0.001" /><testcase classname="tests.test_oidc_auth" name="test_oidc_callback_links_existing_user_by_email" time="0.101" /><testcase classname="tests.test_oidc_auth" name="test_media_plex_callback_redirects_to_localhost_without_application_url" time="0.095" /><testcase classname="tests.test_oidc_auth" name="test_media_plex_callback_uses_application_url_when_return_to_is_localhost" time="0.091" /><testcase classname="tests.test_oidc_auth" name="test_media_plex_callback_expired_state_uses_application_url_error" time="0.080" /><testcase classname="tests.test_oidc_auth" name="test_media_plex_start_uses_application_url" time="0.081" /><testcase classname="tests.test_oidc_auth" name="test_media_plex_start_uses_absolute_return_to_origin_without_application_url" time="0.082" /><testcase classname="tests.test_operations_service" name="test_operations_overview_includes_space_recovery_card[asyncio]" time="0.096" /><testcase classname="tests.test_operations_service" name="test_operations_cleanup_plan_listing_returns_saved_plan[asyncio]" time="0.088" /><testcase classname="tests.test_operations_service" name="test_operations_recommendations_resolve_posters[asyncio]" time="0.107" /><testcase classname="tests.test_operations_service" name="test_operations_workflow_validate_execute_and_audit[asyncio]" time="0.108" /><testcase classname="tests.test_page_access" name="test_page_access_allows_admin_and_legacy_users" time="0.000" /><testcase classname="tests.test_page_access" name="test_require_page_access_rejects_denied_page[asyncio]" time="0.001" /><testcase classname="tests.test_page_access" name="test_create_user_applies_default_page_access[asyncio]" time="0.142" /><testcase classname="tests.test_page_access" name="test_create_user_falls_back_to_candidate_and_settings_pages[asyncio]" time="0.167" /><testcase classname="tests.test_page_access" name="test_create_user_can_store_unrestricted_page_access[asyncio]" time="0.198" /><testcase classname="tests.test_path_mappings_and_webhooks" name="test_resolve_path_prefers_scoped_mappings" time="0.005" /><testcase classname="tests.test_path_mappings_and_webhooks" name="test_resolve_path_normalizes_slashes_and_requires_prefix_boundary" time="0.003" /><testcase classname="tests.test_path_mappings_and_webhooks" name="test_resolve_path_skips_non_matching_scoped_mapping" time="0.005" /><testcase classname="tests.test_path_mappings_and_webhooks" name="test_resolve_path_supports_root_source_mapping" time="0.003" /><testcase classname="tests.test_path_mappings_and_webhooks" name="test_send_post_action_webhook_renders_urlencoded_path" time="0.002" /><testcase classname="tests.test_path_mappings_and_webhooks" name="test_send_post_action_webhook_includes_sanitized_failure_body" time="0.001" /><testcase classname="tests.test_playback_history.PlaybackHistoryNormalizationTests" name="test_config_api_key_allows_plaintext_test_key" time="0.001" /><testcase classname="tests.test_playback_history.PlaybackHistoryNormalizationTests" name="test_config_api_key_decrypts_stored_key" time="0.001" /><testcase classname="tests.test_playback_history.PlaybackHistoryNormalizationTests" name="test_old_tautulli_state_forces_full_completion_backfill" time="0.000" /><testcase classname="tests.test_playback_history.PlaybackHistoryNormalizationTests" name="test_playback_reporting_filters_short_events" time="0.000" /><testcase classname="tests.test_playback_history.PlaybackHistoryNormalizationTests" name="test_resolver_returns_unavailable_for_unobserved_target" time="0.000" /><testcase classname="tests.test_playback_history.PlaybackHistoryNormalizationTests" name="test_tautulli_completion_fails_closed" time="0.000" /><testcase classname="tests.test_playback_history.PlaybackHistoryNormalizationTests" name="test_tautulli_uses_row_id_and_utc_timestamp" time="0.000" /><testcase classname="tests.test_playback_history.PlaybackHistoryNormalizationTests" name="test_unknown_reason_distinguishes_provider_failure_and_no_provider" time="0.000" /><testcase classname="tests.test_playback_history.TautulliHistoryTests" name="test_get_users_returns_tautulli_user_rows" time="0.006" /><testcase classname="tests.test_playback_history.TautulliHistoryTests" name="test_history_records_use_after_for_incremental_cutoff" time="0.004" /><testcase classname="tests.test_playback_history.TautulliHistoryTests" name="test_history_records_use_one_ungrouped_paginated_pass" time="0.005" /><testcase classname="tests.test_playback_history.PlaybackReportingQueryTests" name="test_history_query_avoids_sqlite_datetime_function" time="0.006" /><testcase classname="tests.test_playback_history.PlaybackHistoryAggregateTests" name="test_backfills_retained_event_usernames" time="2.054" /><testcase classname="tests.test_playback_history.PlaybackHistoryAggregateTests" name="test_database_write_failure_is_not_reported_as_provider_failure" time="2.146" /><testcase classname="tests.test_playback_history.PlaybackHistoryAggregateTests" name="test_durable_totals_include_pre_readd_history_but_watch_does_not" time="2.036" /><testcase classname="tests.test_playback_history.PlaybackHistoryAggregateTests" name="test_insert_new_events_ignores_existing_event_conflict" time="2.075" /><testcase classname="tests.test_playback_history.PlaybackHistoryAggregateTests" name="test_jellyfin_resolves_users_without_tautulli" time="2.096" /><testcase classname="tests.test_playback_history.PlaybackHistoryAggregateTests" name="test_partial_username_resolution_keeps_resolved_usernames_available" time="2.411" /><testcase classname="tests.test_playback_history.PlaybackHistoryAggregateTests" name="test_playback_user_lookup_deduplicates_case_and_sources" time="2.365" /><testcase classname="tests.test_playback_history.PlaybackHistoryAggregateTests" name="test_provider_failure_is_persisted_as_unavailable" time="1.988" /><testcase classname="tests.test_playback_history.PlaybackHistoryAggregateTests" name="test_snapshot_explains_missing_season_identity" time="2.062" /><testcase classname="tests.test_playback_history.PlaybackHistoryAggregateTests" name="test_snapshot_logs_mixed_service_unknown_reason" time="2.014" /><testcase classname="tests.test_playback_history.PlaybackHistoryAggregateTests" name="test_snapshot_treats_retained_history_as_evaluable" time="2.313" /><testcase classname="tests.test_playback_history.PlaybackHistoryAggregateTests" name="test_unresolved_username_marks_only_username_field_unavailable" time="2.239" /><testcase classname="tests.test_playback_history.PlaybackHistoryAggregateTests" name="test_upsert_events_deduplicates_reporting_batch" time="2.050" /><testcase classname="tests.test_playback_history.PlaybackHistoryAggregateTests" name="test_username_lookup_failure_keeps_playback_provider_available" time="2.334" /><testcase classname="tests.test_playback_history.PlaybackRefreshSerializationTests" name="test_refreshes_are_serialized_and_force_is_preserved" time="0.009" /><testcase classname="tests.test_plex_pagination" name="test_get_section_metadata_items_paginates_until_total_size" time="0.003" /><testcase classname="tests.test_plex_pagination" name="test_history_record_rating_key_falls_back_to_metadata_paths" time="0.001" /><testcase classname="tests.test_plex_pagination" name="test_watched_user_snapshots_accept_grandparent_key_path" time="0.003" /><testcase classname="tests.test_protection_provider_api" name="test_protection_service_stats_include_protected_files_and_rules[asyncio]" time="13.644" /><testcase classname="tests.test_protection_provider_api" name="test_protection_test_connection_requires_url_and_credentials[asyncio]" time="0.094" /><testcase classname="tests.test_protection_provider_api" name="test_protection_provider_definition_exposes_auth_metadata[asyncio]" time="0.081" /><testcase classname="tests.test_protection_provider_api" name="test_protection_get_config_self_heals_disabled_flag[asyncio]" time="0.090" /><testcase classname="tests.test_protection_provider_api" name="test_protection_save_config_persists_authenticated_runtime_state[asyncio]" time="0.089" /><testcase classname="tests.test_protection_provider_api" name="test_protection_test_connection_uses_saved_password_when_blank[asyncio]" time="0.088" /><testcase classname="tests.test_protection_request_scope" name="test_episode_protection_request_accepts_episode_id_only" time="0.110" /><testcase classname="tests.test_protection_request_scope" name="test_episode_protection_request_accepts_matching_season_and_episode_ids" time="0.110" /><testcase classname="tests.test_protection_request_scope" name="test_episode_protection_request_rejects_mismatched_season_and_episode_ids" time="0.092" /><testcase classname="tests.test_protection_request_scope" name="test_season_protection_request_allows_existing_episode_protection" time="0.107" /><testcase classname="tests.test_protection_stats_consistency" name="test_protection_stats_use_same_source_of_truth_as_items_and_rules[asyncio]" time="0.088" /><testcase classname="tests.test_protection_stats_consistency" name="test_protection_rules_report_zero_when_reclaimerr_membership_unmapped[asyncio]" time="0.085" /><testcase classname="tests.test_proxy_headers" name="test_trusted_proxy_uses_forwarded_proto_for_callback_uri" time="0.007" /><testcase classname="tests.test_proxy_headers" name="test_untrusted_proxy_ignores_forwarded_proto_for_callback_uri" time="0.002" /><testcase classname="tests.test_qbittorrent_integration" name="test_qbittorrent_overview_is_read_only_summary[asyncio]" time="0.101" /><testcase classname="tests.test_qbittorrent_integration" name="test_qbittorrent_overview_requires_runtime_client[asyncio]" time="0.078" /><testcase classname="tests.test_qbittorrent_integration" name="test_qbittorrent_overview_uses_correlated_media_poster[asyncio]" time="0.108" /><testcase classname="tests.test_qbittorrent_integration" name="test_qbittorrent_overview_uses_correlated_series_poster[asyncio]" time="0.105" /><testcase classname="tests.test_qbittorrent_integration" name="test_qbittorrent_settings_pass_extra_settings_to_connection_test[asyncio]" time="0.086" /><testcase classname="tests.test_qbittorrent_integration" name="test_qbittorrent_test_service_uses_post_login_and_get_version[asyncio]" time="0.002" /><testcase classname="tests.test_qbittorrent_integration" name="test_qbittorrent_test_service_reports_authentication_failed[asyncio]" time="0.002" /><testcase classname="tests.test_qbittorrent_integration" name="test_qbittorrent_test_service_reports_connection_refused[asyncio]" time="0.002" /><testcase classname="tests.test_reclaim_history" name="test_get_reclaim_history_includes_optional_attributes" time="0.086" /><testcase classname="tests.test_request_error_formatting" name="test_format_http_failure_redacts_body_and_keeps_context" time="0.000" /><testcase classname="tests.test_request_error_formatting" name="test_format_http_failure_keeps_explicit_falsey_response" time="0.001" /><testcase classname="tests.test_request_error_formatting" name="test_summarize_error_message_redacts_and_truncates" time="0.000" /><testcase classname="tests.test_request_notifications" name="test_request_notification_types_map_to_setting_fields" time="0.000" /><testcase classname="tests.test_request_notifications" name="test_admin_request_notification_types_are_admin_only" time="0.000" /><testcase classname="tests.test_request_notifications" name="test_request_notification_preferences_default_and_normalize" time="0.000" /><testcase classname="tests.test_request_notifications" name="test_request_scope_labels" time="0.000" /><testcase classname="tests.test_rule_engine_validation.RuleDefinitionValidationTests" name="test_accepts_anilist_score_numeric_operator" time="0.000" /><testcase classname="tests.test_rule_engine_validation.RuleDefinitionValidationTests" name="test_accepts_extended_metadata_fields_for_supported_scopes" time="0.002" /><testcase classname="tests.test_rule_engine_validation.RuleDefinitionValidationTests" name="test_accepts_external_rating_numeric_operators" time="0.001" /><testcase classname="tests.test_rule_engine_validation.RuleDefinitionValidationTests" name="test_accepts_imdb_rating_numeric_operator" time="0.000" /><testcase classname="tests.test_rule_engine_validation.RuleDefinitionValidationTests" name="test_accepts_library_contains_all_operator" time="0.000" /><testcase classname="tests.test_rule_engine_validation.RuleDefinitionValidationTests" name="test_accepts_library_contains_any_operator" time="0.000" /><testcase classname="tests.test_rule_engine_validation.RuleDefinitionValidationTests" name="test_accepts_media_server_collections_for_season_scope" time="0.000" /><testcase classname="tests.test_rule_engine_validation.RuleDefinitionValidationTests" name="test_accepts_media_server_collections_multi_value_operator" time="0.000" /><testcase classname="tests.test_rule_engine_validation.RuleDefinitionValidationTests" name="test_accepts_nested_and_or_groups" time="0.000" /><testcase classname="tests.test_rule_engine_validation.RuleDefinitionValidationTests" name="test_accepts_numeric_field_with_numeric_operator" time="0.000" /><testcase classname="tests.test_rule_engine_validation.RuleDefinitionValidationTests" name="test_accepts_path_regex_operator" time="0.000" /><testcase classname="tests.test_rule_engine_validation.RuleDefinitionValidationTests" name="test_accepts_scope_compatible_field_for_target" time="0.000" /><testcase classname="tests.test_rule_engine_validation.RuleDefinitionValidationTests" name="test_accepts_season_fully_watched_boolean_operator" time="0.000" /><testcase classname="tests.test_rule_engine_validation.RuleDefinitionValidationTests" name="test_accepts_season_watched_percent_numeric_operator" time="0.001" /><testcase classname="tests.test_rule_engine_validation.RuleDefinitionValidationTests" name="test_accepts_seerr_requested_boolean_operator" time="0.000" /><testcase classname="tests.test_rule_engine_validation.RuleDefinitionValidationTests" name="test_accepts_seerr_requester_ids_list_operator" time="0.001" /><testcase classname="tests.test_rule_engine_validation.RuleDefinitionValidationTests" name="test_accepts_temporal_field_before_operator" time="0.000" /><testcase classname="tests.test_rule_engine_validation.RuleDefinitionValidationTests" name="test_accepts_temporal_field_exists_operator" time="0.002" /><testcase classname="tests.test_rule_engine_validation.RuleDefinitionValidationTests" name="test_accepts_tmdb_collection_name_contains_all_operator" time="0.000" /><testcase classname="tests.test_rule_engine_validation.RuleDefinitionValidationTests" name="test_accepts_tmdb_collection_name_text_operator" time="0.000" /><testcase classname="tests.test_rule_engine_validation.RuleDefinitionValidationTests" name="test_accepts_tmdb_days_since_release_numeric_operator" time="0.000" /><testcase classname="tests.test_rule_engine_validation.RuleDefinitionValidationTests" name="test_accepts_tmdb_genres_for_season_scope" time="0.000" /><testcase classname="tests.test_rule_engine_validation.RuleDefinitionValidationTests" name="test_accepts_tmdb_genres_multi_value_operator" time="0.000" /><testcase classname="tests.test_rule_engine_validation.RuleDefinitionValidationTests" name="test_accepts_tmdb_in_collection_boolean_operator" time="0.000" /><testcase classname="tests.test_rule_engine_validation.RuleDefinitionValidationTests" name="test_accepts_tmdb_release_temporal_exists_operator" time="0.000" /><testcase classname="tests.test_rule_engine_validation.RuleDefinitionValidationTests" name="test_derive_path_scope_library_ids_accepts_contains_all_operator" time="0.000" /><testcase classname="tests.test_rule_engine_validation.RuleDefinitionValidationTests" name="test_derive_path_scope_library_ids_rejects_not_contains_all_operator" time="0.000" /><testcase classname="tests.test_rule_engine_validation.RuleDefinitionValidationTests" name="test_playback_activity_uses_true_false_and_preserves_unknown" time="0.000" /><testcase classname="tests.test_rule_engine_validation.RuleDefinitionValidationTests" name="test_playback_usernames_match_case_insensitively" time="0.000" /><testcase classname="tests.test_rule_engine_validation.RuleDefinitionValidationTests" name="test_rejects_all_incompatible_fields_for_target" time="0.000" /><testcase classname="tests.test_rule_engine_validation.RuleDefinitionValidationTests" name="test_rejects_anilist_score_temporal_operator" time="0.000" /><testcase classname="tests.test_rule_engine_validation.RuleDefinitionValidationTests" name="test_rejects_boolean_field_with_numeric_operator" time="0.000" /><testcase classname="tests.test_rule_engine_validation.RuleDefinitionValidationTests" name="test_rejects_empty_group" time="0.001" /><testcase classname="tests.test_rule_engine_validation.RuleDefinitionValidationTests" name="test_rejects_empty_library_list_condition" time="0.001" /><testcase classname="tests.test_rule_engine_validation.RuleDefinitionValidationTests" name="test_rejects_external_rating_temporal_operator" time="0.001" /><testcase classname="tests.test_rule_engine_validation.RuleDefinitionValidationTests" name="test_rejects_imdb_rating_temporal_operator" time="0.000" /><testcase classname="tests.test_rule_engine_validation.RuleDefinitionValidationTests" name="test_rejects_invalid_group_operator" time="0.000" /><testcase classname="tests.test_rule_engine_validation.RuleDefinitionValidationTests" name="test_rejects_invalid_target_scope" time="0.000" /><testcase classname="tests.test_rule_engine_validation.RuleDefinitionValidationTests" name="test_rejects_library_equals_operator" time="0.000" /><testcase classname="tests.test_rule_engine_validation.RuleDefinitionValidationTests" name="test_rejects_media_server_collections_numeric_operator" time="0.000" /><testcase classname="tests.test_rule_engine_validation.RuleDefinitionValidationTests" name="test_rejects_non_object_group_child" time="0.000" /><testcase classname="tests.test_rule_engine_validation.RuleDefinitionValidationTests" name="test_rejects_numeric_field_with_list_operator" time="0.000" /><testcase classname="tests.test_rule_engine_validation.RuleDefinitionValidationTests" name="test_rejects_numeric_field_with_temporal_operator" time="0.000" /><testcase classname="tests.test_rule_engine_validation.RuleDefinitionValidationTests" name="test_rejects_numeric_operator_for_playback_usernames" time="0.000" /><testcase classname="tests.test_rule_engine_validation.RuleDefinitionValidationTests" name="test_rejects_scope_incompatible_field_for_target" time="0.000" /><testcase classname="tests.test_rule_engine_validation.RuleDefinitionValidationTests" name="test_rejects_season_fully_watched_numeric_operator" time="0.000" /><testcase classname="tests.test_rule_engine_validation.RuleDefinitionValidationTests" name="test_rejects_season_watched_percent_list_operator" time="0.001" /><testcase classname="tests.test_rule_engine_validation.RuleDefinitionValidationTests" name="test_rejects_seerr_requested_numeric_operator" time="0.001" /><testcase classname="tests.test_rule_engine_validation.RuleDefinitionValidationTests" name="test_rejects_seerr_requester_ids_numeric_operator" time="0.000" /><testcase classname="tests.test_rule_engine_validation.RuleDefinitionValidationTests" name="test_rejects_sonarr_episode_state_for_non_series_scope" time="0.000" /><testcase classname="tests.test_rule_engine_validation.RuleDefinitionValidationTests" name="test_rejects_sonarr_series_status_for_movie_scope" time="0.000" /><testcase classname="tests.test_rule_engine_validation.RuleDefinitionValidationTests" name="test_rejects_temporal_field_equals_operator" time="0.000" /><testcase classname="tests.test_rule_engine_validation.RuleDefinitionValidationTests" name="test_rejects_tmdb_collection_name_numeric_operator" time="0.000" /><testcase classname="tests.test_rule_engine_validation.RuleDefinitionValidationTests" name="test_rejects_tmdb_days_since_release_with_list_operator" time="0.000" /><testcase classname="tests.test_rule_engine_validation.RuleDefinitionValidationTests" name="test_rejects_tmdb_genres_numeric_operator" time="0.000" /><testcase classname="tests.test_rule_engine_validation.RuleDefinitionValidationTests" name="test_rejects_tmdb_in_collection_list_operator" time="0.001" /><testcase classname="tests.test_rule_engine_validation.RuleDefinitionValidationTests" name="test_rejects_version_only_metadata_for_series_scope" time="0.001" /><testcase classname="tests.test_rule_engine_validation.ArrTagSubstringOperatorTests" name="test_contains_substring_blank_term_fails_closed" time="0.000" /><testcase classname="tests.test_rule_engine_validation.ArrTagSubstringOperatorTests" name="test_contains_substring_is_case_insensitive" time="0.000" /><testcase classname="tests.test_rule_engine_validation.ArrTagSubstringOperatorTests" name="test_contains_substring_list_no_match_when_none_present" time="0.000" /><testcase classname="tests.test_rule_engine_validation.ArrTagSubstringOperatorTests" name="test_contains_substring_matches_any_of_multiple_terms" time="0.000" /><testcase classname="tests.test_rule_engine_validation.ArrTagSubstringOperatorTests" name="test_contains_substring_matches_partial_tag" time="0.000" /><testcase classname="tests.test_rule_engine_validation.ArrTagSubstringOperatorTests" name="test_contains_substring_no_match" time="0.000" /><testcase classname="tests.test_rule_engine_validation.ArrTagSubstringOperatorTests" name="test_not_contains_substring_blank_term_fails_closed" time="0.000" /><testcase classname="tests.test_rule_engine_validation.ArrTagSubstringOperatorTests" name="test_not_contains_substring_list_matches_when_none_present" time="0.000" /><testcase classname="tests.test_rule_engine_validation.ArrTagSubstringOperatorTests" name="test_not_contains_substring_list_no_match_when_one_present" time="0.000" /><testcase classname="tests.test_rule_engine_validation.ArrTagSubstringOperatorTests" name="test_not_contains_substring_matches_when_absent" time="0.000" /><testcase classname="tests.test_rule_engine_validation.ArrTagSubstringOperatorTests" name="test_not_contains_substring_no_match_when_present" time="0.000" /><testcase classname="tests.test_rule_engine_validation.ArrTagSubstringOperatorTests" name="test_validation_accepts_substring_operator_on_arr_tags" time="0.000" /><testcase classname="tests.test_rule_engine_validation.ArrTagSubstringOperatorTests" name="test_validation_rejects_substring_operator_on_non_tag_field" time="0.001" /><testcase classname="tests.test_rule_managed_protection_api" name="test_rule_managed_protection_rejects_direct_update_and_delete" time="0.093" /><testcase classname="tests.test_rules_movie_collections_lookup" name="test_get_movie_collections_paginates_and_counts" time="0.095" /><testcase classname="tests.test_rules_movie_collections_lookup" name="test_get_movie_collections_search_is_case_insensitive" time="0.089" /><testcase classname="tests.test_rules_movie_collections_lookup" name="test_get_genres_paginates_counts_and_filters_by_media_type" time="0.087" /><testcase classname="tests.test_rules_movie_collections_lookup" name="test_get_original_languages_normalizes_aliases_and_supports_search" time="0.094" /><testcase classname="tests.test_rules_movie_collections_lookup" name="test_get_origin_countries_counts_distinct_media_and_filters_type" time="0.336" /><testcase classname="tests.test_rules_movie_collections_lookup" name="test_get_media_server_collections_counts_distinct_media" time="0.089" /><testcase classname="tests.test_rules_path_validation" name="test_create_rule_accepts_literal_media_path_with_regex_chars" time="0.095" /><testcase classname="tests.test_rules_path_validation" name="test_create_rule_accepts_literal_media_path_folder_prefix" time="0.095" /><testcase classname="tests.test_rules_path_validation" name="test_create_rule_accepts_literal_media_filename" time="0.094" /><testcase classname="tests.test_rules_path_validation" name="test_create_rule_accepts_filename_without_indexed_media" time="0.087" /><testcase classname="tests.test_rules_path_validation" name="test_create_rule_rejects_invalid_path_regex" time="0.155" /><testcase classname="tests.test_rules_path_validation" name="test_create_rule_skips_existence_checks_for_path_negation_operator" time="0.126" /><testcase classname="tests.test_rules_path_validation" name="test_validate_paths_endpoint_supports_structured_and_legacy_payloads" time="0.134" /><testcase classname="tests.test_rules_scope_validation" name="test_legacy_rule_action_defaults_to_candidate" time="0.000" /><testcase classname="tests.test_rules_scope_validation" name="test_candidate_rule_action_normalizes_auto_delete_delay[0-0]" time="0.000" /><testcase classname="tests.test_rules_scope_validation" name="test_candidate_rule_action_normalizes_auto_delete_delay[3650-3650]" time="0.000" /><testcase classname="tests.test_rules_scope_validation" name="test_candidate_rule_action_normalizes_auto_delete_delay[-1-None]" time="0.000" /><testcase classname="tests.test_rules_scope_validation" name="test_candidate_rule_action_normalizes_auto_delete_delay[3651-None]" time="0.000" /><testcase classname="tests.test_rules_scope_validation" name="test_candidate_rule_action_normalizes_auto_delete_delay[True-None]" time="0.000" /><testcase classname="tests.test_rules_scope_validation" name="test_candidate_rule_action_normalizes_auto_delete_delay[7-None]" time="0.000" /><testcase classname="tests.test_rules_scope_validation" name="test_protection_rule_action_disables_destructive_settings" time="0.000" /><testcase classname="tests.test_rules_scope_validation" name="test_create_rule_rejects_incompatible_field_for_target_scope" time="0.113" /><testcase classname="tests.test_rules_scope_validation" name="test_preview_rule_rejects_incompatible_field_for_target_scope" time="0.133" /><testcase classname="tests.test_rules_scope_validation" name="test_create_rule_rejects_movie_collection_field_for_series_scope" time="0.107" /><testcase classname="tests.test_rules_scope_validation" name="test_import_rules_reports_scope_validation_errors" time="0.091" /><testcase classname="tests.test_rules_scope_validation" name="test_update_rule_rejects_target_scope_change_with_incompatible_definition" time="0.089" /><testcase classname="tests.test_rules_scope_validation" name="test_update_rule_allows_clearing_arr_instance_selection" time="0.084" /><testcase classname="tests.test_runtime_endpoint_regressions" name="test_operations_workspace_compat_route_exists" time="0.806" /><testcase classname="tests.test_runtime_endpoint_regressions" name="test_dashboard_and_qbittorrent_routes_exist" time="0.000" /><testcase classname="tests.test_seerr_request_dates" name="test_seerr_snapshot_uses_latest_pending_or_approved_request" time="0.002" /><testcase classname="tests.test_seerr_request_dates" name="test_seerr_snapshot_enriches_requester_identity_from_user_directory" time="0.001" /><testcase classname="tests.test_seerr_request_dates" name="test_seerr_snapshot_preserves_requested_seasons_and_excludes_declined" time="0.001" /><testcase classname="tests.test_seerr_request_dates" name="test_seerr_request_date_fields_are_valid_for_all_media_scopes" time="0.000" /><testcase classname="tests.test_seerr_request_dates" name="test_rule_context_exposes_latest_active_seerr_request_for_every_scope" time="0.001" /><testcase classname="tests.test_seerr_request_dates" name="test_rule_context_propagates_series_requester_watched_to_every_tv_scope" time="0.001" /><testcase classname="tests.test_series_api_filters" name="test_get_series_watching_filter_returns_paginated_response" time="0.104" /><testcase classname="tests.test_series_deletion_routing" name="test_whole_series_without_active_ref_records_failure_when_fallback_disabled" time="0.101" /><testcase classname="tests.test_series_deletion_routing" name="test_whole_series_sonarr_batch_failure_records_candidate_error" time="0.099" /><testcase classname="tests.test_series_deletion_routing" name="test_invalid_series_candidate_shape_records_unexplained_failure" time="0.094" /><testcase classname="tests.test_series_deletion_routing" name="test_episode_missing_in_sonarr_falls_back_to_media_server" time="0.123" /><testcase classname="tests.test_series_deletion_routing" name="test_episode_missing_in_sonarr_records_failure_when_fallback_disabled" time="0.122" /><testcase classname="tests.test_series_deletion_routing" name="test_episode_multi_sonarr_uses_path_matched_ref" time="0.123" /><testcase classname="tests.test_series_deletion_routing" name="test_season_multi_sonarr_uses_path_matched_ref" time="0.118" /><testcase classname="tests.test_service_settings_delete" name="test_delete_service_config_success_radarr" time="0.088" /><testcase classname="tests.test_service_settings_delete" name="test_delete_service_config_not_found" time="0.077" /><testcase classname="tests.test_service_settings_delete" name="test_delete_service_config_blocks_main_media_server" time="0.082" /><testcase classname="tests.test_service_settings_delete" name="test_disable_unreachable_service_skips_connection_test" time="0.086" /><testcase classname="tests.test_service_settings_delete" name="test_enable_unreachable_service_still_fails" time="0.083" /><testcase classname="tests.test_service_settings_delete" name="test_delete_arr_config_cleans_dependencies_with_foreign_keys" time="0.095" /><testcase classname="tests.test_service_settings_delete" name="test_stale_service_toggle_cannot_restore_deleted_config" time="0.078" /><testcase classname="tests.test_service_settings_delete" name="test_get_service_settings_tolerates_invalid_encrypted_api_key" time="0.082" /><testcase classname="tests.test_settings_log_level" name="test_log_level_debug_resolves_to_enum" time="0.005" /><testcase classname="tests.test_settings_log_level" name="test_log_level_case_insensitive[debug]" time="0.003" /><testcase classname="tests.test_settings_log_level" name="test_log_level_case_insensitive[DeBuG]" time="0.005" /><testcase classname="tests.test_settings_log_level" name="test_log_level_whitespace_is_trimmed" time="0.003" /><testcase classname="tests.test_settings_log_level" name="test_log_level_invalid_falls_back_and_warns" time="0.003" /><testcase classname="tests.test_settings_log_level" name="test_log_level_empty_string_falls_back_and_warns" time="0.003" /><testcase classname="tests.test_settings_log_level" name="test_proxy_trusted_hosts_list_defaults_to_loopback" time="0.004" /><testcase classname="tests.test_settings_log_level" name="test_proxy_trusted_hosts_list_parses_env" time="0.003" /><testcase classname="tests.test_sidebar_indicators" name="test_sidebar_indicators_empty_and_candidates_presence" time="0.086" /><testcase classname="tests.test_sidebar_indicators" name="test_sidebar_indicators_pending_requests_are_role_aware" time="0.102" /><testcase classname="tests.test_sidebar_indicators" name="test_ui_indicators_includes_update_status_with_role_visibility" time="0.085" /><testcase classname="tests.test_sonarr_episode_query" name="test_sonarr_series_status_is_normalized" time="0.000" /><testcase classname="tests.test_sonarr_episode_query" name="test_get_episodes_filters_by_season_when_requested" time="0.002" /><testcase classname="tests.test_sync_tmdb_collection.SyncTmdbCollectionTests" name="test_needs_metadata_refresh_when_collection_not_checked" time="0.004" /><testcase classname="tests.test_sync_tmdb_collection.SyncTmdbCollectionTests" name="test_no_forced_refresh_when_collection_checked" time="0.003" /><testcase classname="tests.test_sync_tmdb_collection.SyncTmdbCollectionTests" name="test_update_movie_tmdb_metadata_clears_collection_fields_when_missing" time="0.005" /><testcase classname="tests.test_sync_tmdb_collection.SyncTmdbCollectionTests" name="test_update_movie_tmdb_metadata_sets_collection_fields" time="0.006" /></testsuite></testsuites>